#
# A fatal error has been detected by the Java Runtime Environment:
#
#  Internal Error (javaClasses.cpp:129), pid=3484, tid=5152
#  fatal error: Invalid layout of preloaded class
#
# JRE version: 7.0_21-b11
# Java VM: Java HotSpot(TM) 64-Bit Server VM (23.21-b01 mixed mode windows-amd64 compressed oops)
# Failed to write core dump. Minidumps are not enabled by default on client versions of Windows
#
# If you would like to submit a bug report, please visit:
#   http://bugreport.sun.com/bugreport/crash.jsp
#

---------------  T H R E A D  ---------------

Current thread (0x000000000225d800):  JavaThread "Unknown thread" [_thread_in_vm, id=5152, stack(0x0000000001f30000,0x0000000002030000)]

Stack: [0x0000000001f30000,0x0000000002030000]

---------------  P R O C E S S  ---------------

Java Threads: ( => current thread )

Other Threads:

=>0x000000000225d800 (exited) JavaThread "Unknown thread" [_thread_in_vm, id=5152, stack(0x0000000001f30000,0x0000000002030000)]

VM state:not at safepoint (not fully initialized)

VM Mutex/Monitor currently owned by a thread: None

GC Heap History (0 events):
No events

Deoptimization events (0 events):
No events

Internal exceptions (0 events):
No events

Events (10 events):
Event: 0.007 loading class 0x00000000020e7ff0 done
Event: 0.007 loading class 0x00000000020e7e40 done
Event: 0.007 loading class 0x00000000020aa9b0
Event: 0.007 loading class 0x00000000020f05f0
Event: 0.007 loading class 0x00000000020f05f0 done
Event: 0.007 loading class 0x00000000020f00b0
Event: 0.007 loading class 0x00000000020f00b0 done
Event: 0.007 loading class 0x000000000213e2e0
Event: 0.007 loading class 0x000000000213e2e0 done
Event: 0.007 loading class 0x00000000020aa9b0 done


Dynamic libraries:
0x00007ff6d3ec0000 - 0x00007ff6d3ef3000 	C:\Program Files\Java\jre7\bin\javaw.exe
0x00007ffa82800000 - 0x00007ffa829a9000 	C:\WINDOWS\SYSTEM32\ntdll.dll
0x00007ffa81e90000 - 0x00007ffa81fc9000 	C:\WINDOWS\system32\KERNEL32.DLL
0x00007ffa7fda0000 - 0x00007ffa7feaf000 	C:\WINDOWS\system32\KERNELBASE.dll
0x00007ffa7e760000 - 0x00007ffa7e7eb000 	C:\WINDOWS\system32\apphelp.dll
0x00007ffa756d0000 - 0x00007ffa7571f000 	C:\WINDOWS\AppPatch\AppPatch64\AcGenral.DLL
0x00007ffa80090000 - 0x00007ffa80137000 	C:\WINDOWS\system32\msvcrt.dll
0x00007ffa7f9b0000 - 0x00007ffa7f9db000 	C:\WINDOWS\SYSTEM32\SspiCli.dll
0x00007ffa82260000 - 0x00007ffa822b1000 	C:\WINDOWS\system32\SHLWAPI.dll
0x00007ffa81fd0000 - 0x00007ffa82141000 	C:\WINDOWS\system32\USER32.dll
0x00007ffa82390000 - 0x00007ffa82506000 	C:\WINDOWS\system32\ole32.dll
0x00007ffa80320000 - 0x00007ffa8172f000 	C:\WINDOWS\system32\SHELL32.dll
0x00007ffa7f1c0000 - 0x00007ffa7f1df000 	C:\WINDOWS\SYSTEM32\USERENV.dll
0x00007ffa821b0000 - 0x00007ffa82255000 	C:\WINDOWS\system32\ADVAPI32.dll
0x00007ffa73800000 - 0x00007ffa7381b000 	C:\WINDOWS\SYSTEM32\MPR.dll
0x00007ffa82510000 - 0x00007ffa82646000 	C:\WINDOWS\system32\RPCRT4.dll
0x00007ffa82150000 - 0x00007ffa821a7000 	C:\WINDOWS\SYSTEM32\sechost.dll
0x00007ffa81cb0000 - 0x00007ffa81e87000 	C:\WINDOWS\SYSTEM32\combase.dll
0x00007ffa826b0000 - 0x00007ffa827f5000 	C:\WINDOWS\system32\GDI32.dll
0x00007ffa7fb80000 - 0x00007ffa7fb94000 	C:\WINDOWS\SYSTEM32\profapi.dll
0x00007ffa7e470000 - 0x00007ffa7e511000 	C:\WINDOWS\SYSTEM32\SHCORE.dll
0x00007ffa82340000 - 0x00007ffa82374000 	C:\WINDOWS\system32\IMM32.DLL
0x00007ffa81800000 - 0x00007ffa81938000 	C:\WINDOWS\system32\MSCTF.dll
0x00007ffa7fb40000 - 0x00007ffa7fb6f000 	C:\Windows\system32\nvinitx.dll
0x00007ffa7dba0000 - 0x00007ffa7ddfa000 	C:\WINDOWS\WinSxS\amd64_microsoft.windows.common-controls_6595b64144ccf1df_6.0.9600.16384_none_62475f7becb72503\COMCTL32.dll
0x000000006a7e0000 - 0x000000006a8b1000 	C:\Program Files\Java\jre7\bin\msvcr100.dll
0x000000006a0b0000 - 0x000000006a7d1000 	C:\Program Files\Java\jre7\bin\server\jvm.dll
0x00007ffa751b0000 - 0x00007ffa751b9000 	C:\WINDOWS\SYSTEM32\WSOCK32.dll
0x00007ffa7d260000 - 0x00007ffa7d27f000 	C:\WINDOWS\SYSTEM32\WINMM.dll
0x00007ffa82380000 - 0x00007ffa82387000 	C:\WINDOWS\system32\PSAPI.DLL
0x00007ffa81ba0000 - 0x00007ffa81bf8000 	C:\WINDOWS\system32\WS2_32.dll
0x00007ffa7c040000 - 0x00007ffa7c06a000 	C:\WINDOWS\SYSTEM32\WINMMBASE.dll
0x00007ffa81ca0000 - 0x00007ffa81ca9000 	C:\WINDOWS\system32\NSI.dll
0x00007ffa7fd50000 - 0x00007ffa7fd9a000 	C:\WINDOWS\SYSTEM32\cfgmgr32.dll
0x00007ffa7ea00000 - 0x00007ffa7ea26000 	C:\WINDOWS\SYSTEM32\DEVOBJ.dll
0x000000006e870000 - 0x000000006e87f000 	C:\Program Files\Java\jre7\bin\verify.dll
0x000000006a080000 - 0x000000006a0a8000 	C:\Program Files\Java\jre7\bin\java.dll
0x000000006e850000 - 0x000000006e865000 	C:\Program Files\Java\jre7\bin\zip.dll

VM Arguments:
jvm_args: -Dfile.encoding=Cp1252 -Xbootclasspath:E:\Android SDK\adt-bundle-windows-x86_64-20131030\sdk\platforms\android-19\android.jar 
java_command: com.example.smartplaylist1.CreateNewEvent
Launcher Type: SUN_STANDARD

Environment Variables:
PATH=C:\Program Files (x86)\NVIDIA Corporation\PhysX\Common;C:\WINDOWS\system32;C:\WINDOWS;C:\WINDOWS\System32\Wbem;C:\WINDOWS\System32\WindowsPowerShell\v1.0\;E:\Program Files\MATLAB\R2013b\runtime\win64;E:\Program Files\MATLAB\R2013b\bin;E:\Program Files\MATLAB\R2013b\polyspace\bin;E:\Program Files (x86)\MiKTeX 2.9\miktex\bin\;.;;.;;.;
USERNAME=thiag_000
OS=Windows_NT
PROCESSOR_IDENTIFIER=Intel64 Family 6 Model 58 Stepping 9, GenuineIntel



---------------  S Y S T E M  ---------------

OS: Windows 8 , 64 bit Build 9200 

CPU:total 4 (4 cores per cpu, 1 threads per core) family 6 model 58 stepping 9, cmov, cx8, fxsr, mmx, sse, sse2, sse3, ssse3, sse4.1, sse4.2, popcnt, avx, tsc, tscinvbit, tscinv

Memory: 4k page, physical 8271748k(1872840k free), swap 11024260k(2149756k free)

vm_info: Java HotSpot(TM) 64-Bit Server VM (23.21-b01) for windows-amd64 JRE (1.7.0_21-b11), built on Apr  4 2013 08:11:28 by "java_re" with unknown MS VC++:1600

time: Thu Mar 13 23:44:37 2014
elapsed time: 0 seconds

